\BOOKMARK [0][]{Contents.0}{\376\377\000T\000a\000b\000l\000e\000\040\000o\000f\000\040\000c\000o\000n\000t\000e\000n\000t\000s}{}% 1
\BOOKMARK [0][]{chapter.1}{\376\377\0001\000\040\000I\000n\000t\000r\000o\000d\000u\000c\000t\000i\000o\000n}{}% 2
\BOOKMARK [1][]{subsection.1.0.1}{\376\377\0001\000.\0000\000.\0001\000\040\000M\000o\000t\000i\000v\000a\000t\000i\000o\000n}{chapter.1}% 3
\BOOKMARK [2][]{subsection.1.0.2}{\376\377\0001\000.\0000\000.\0002\000\040\000B\000a\000c\000k\000g\000r\000o\000u\000n\000d}{subsection.1.0.1}% 4
\BOOKMARK [2][]{subsection.1.0.3}{\376\377\0001\000.\0000\000.\0003\000\040\000S\000c\000o\000p\000e\000\040\000o\000f\000\040\000t\000h\000e\000\040\000P\000r\000o\000j\000e\000c\000t}{subsection.1.0.1}% 5
\BOOKMARK [0][]{chapter.2}{\376\377\0002\000\040\000B\000a\000c\000k\000g\000r\000o\000u\000n\000d}{}% 6
\BOOKMARK [1][]{section.2.1}{\376\377\0002\000.\0001\000\040\000B\000a\000y\000e\000s\000i\000a\000n\000\040\000O\000p\000t\000i\000m\000i\000z\000a\000t\000i\000o\000n\000\040\000i\000n\000\040\000h\000i\000g\000h\000\040\000d\000i\000m\000e\000n\000s\000i\000o\000n\000s}{chapter.2}% 7
\BOOKMARK [1][]{section.2.2}{\376\377\0002\000.\0002\000\040\000G\000a\000u\000s\000s\000i\000a\000n\000\040\000P\000r\000o\000c\000e\000s\000s\000e\000s}{chapter.2}% 8
\BOOKMARK [2][]{subsection.2.2.1}{\376\377\0002\000.\0002\000.\0001\000\040\000D\000e\000r\000i\000v\000a\000t\000i\000o\000n\000\040\000o\000f\000\040\000t\000h\000e\000\040\000G\000a\000u\000s\000s\000i\000a\000n\000\040\000P\000r\000o\000c\000e\000s\000s\000\040\000F\000o\000r\000m\000u\000l\000a}{section.2.2}% 9
\BOOKMARK [1][]{section.2.3}{\376\377\0002\000.\0003\000\040\000A\000c\000q\000u\000i\000s\000i\000t\000i\000o\000n\000\040\000F\000u\000n\000c\000t\000i\000o\000n\000s}{chapter.2}% 10
\BOOKMARK [2][]{subsection.2.3.1}{\376\377\0002\000.\0003\000.\0001\000\040\000U\000p\000p\000e\000r\000\040\000C\000o\000n\000f\000i\000d\000e\000n\000t\000\040\000B\000o\000u\000n\000d\000\040\000\050\000U\000C\000B\000\051}{section.2.3}% 11
\BOOKMARK [2][]{subsection.2.3.2}{\376\377\0002\000.\0003\000.\0002\000\040\000P\000r\000o\000b\000a\000b\000i\000l\000i\000t\000y\000\040\000o\000f\000\040\000I\000m\000p\000r\000o\000v\000e\000m\000e\000n\000t\000\040\000\050\000P\000I\000\051}{section.2.3}% 12
\BOOKMARK [2][]{subsection.2.3.3}{\376\377\0002\000.\0003\000.\0003\000\040\000E\000x\000p\000e\000c\000t\000e\000d\000\040\000I\000m\000p\000r\000o\000v\000e\000m\000e\000n\000t\000\040\000\050\000E\000I\000\051}{section.2.3}% 13
\BOOKMARK [1][]{section.2.4}{\376\377\0002\000.\0004\000\040\000R\000e\000s\000o\000u\000r\000c\000e\000s}{chapter.2}% 14
\BOOKMARK [0][]{chapter.3}{\376\377\0003\000\040\000R\000e\000l\000a\000t\000e\000d\000\040\000W\000o\000r\000k}{}% 15
\BOOKMARK [1][]{section.3.1}{\376\377\0003\000.\0001\000\040\000P\000r\000o\000j\000e\000c\000t\000i\000o\000n\000\040\000m\000a\000t\000r\000i\000x\000-\000b\000a\000s\000e\000d\000\040\000a\000l\000g\000o\000r\000i\000t\000h\000m\000s}{chapter.3}% 16
\BOOKMARK [2][]{subsection.3.1.1}{\376\377\0003\000.\0001\000.\0001\000\040\000A\000c\000t\000i\000v\000e\000\040\000l\000e\000a\000r\000n\000i\000n\000g\000\040\000o\000f\000\040\000l\000i\000n\000e\000a\000r\000\040\000s\000u\000b\000s\000p\000a\000c\000e\000s}{section.3.1}% 17
\BOOKMARK [2][]{subsection.3.1.2}{\376\377\0003\000.\0001\000.\0002\000\040\000R\000a\000n\000d\000o\000m\000\040\000e\000m\000b\000e\000d\000d\000i\000n\000g\000s\000\040\000\050\000R\000E\000M\000B\000O\000\051}{section.3.1}% 18
\BOOKMARK [2][]{subsection.3.1.3}{\376\377\0003\000.\0001\000.\0003\000\040\000G\000P\000s\000\040\000w\000i\000t\000h\000\040\000b\000u\000i\000l\000t\000i\000n\000\040\000d\000i\000m\000e\000n\000s\000i\000o\000n\000a\000l\000i\000t\000y\000\040\000r\000e\000d\000u\000c\000t\000i\000o\000n}{section.3.1}% 19
\BOOKMARK [2][]{subsection.3.1.4}{\376\377\0003\000.\0001\000.\0004\000\040\000O\000v\000e\000r\000v\000i\000e\000w\000\040\000o\000f\000\040\000t\000h\000e\000\040\000a\000l\000g\000o\000r\000i\000t\000h\000m}{section.3.1}% 20
\BOOKMARK [1][]{section.3.2}{\376\377\0003\000.\0002\000\040\000A\000l\000g\000o\000r\000i\000t\000h\000m\000s\000\040\000t\000h\000a\000t\000\040\000e\000x\000p\000l\000o\000i\000t\000\040\000a\000d\000d\000i\000t\000i\000v\000e\000\040\000s\000u\000b\000s\000t\000r\000u\000c\000t\000u\000r\000e\000s}{chapter.3}% 21
\BOOKMARK [2][]{subsection.3.2.1}{\376\377\0003\000.\0002\000.\0001\000\040\000I\000n\000d\000e\000p\000e\000n\000d\000e\000n\000t\000\040\000a\000d\000d\000i\000t\000i\000v\000e\000\040\000s\000t\000r\000u\000c\000t\000u\000r\000e\000s\000\040\000w\000i\000t\000h\000i\000n\000\040\000t\000h\000e\000\040\000t\000a\000r\000g\000e\000t\000\040\000f\000u\000n\000c\000t\000i\000o\000n}{section.3.2}% 22
\BOOKMARK [1][]{section.3.3}{\376\377\0003\000.\0003\000\040\000A\000d\000d\000i\000t\000i\000o\000n\000a\000l\000\040\000a\000p\000p\000r\000o\000a\000c\000h\000e\000s}{chapter.3}% 23
\BOOKMARK [2][]{subsection.3.3.1}{\376\377\0003\000.\0003\000.\0001\000\040\000E\000l\000a\000s\000t\000i\000c\000\040\000G\000a\000u\000s\000s\000i\000a\000n\000\040\000P\000r\000o\000c\000e\000s\000s\000e\000s}{section.3.3}% 24
\BOOKMARK [2][]{subsection.3.3.2}{\376\377\0003\000.\0003\000.\0002\000\040\000H\000i\000g\000h\000\040\000d\000i\000m\000e\000n\000s\000i\000o\000n\000a\000l\000\040\000G\000a\000u\000s\000s\000i\000a\000n\000\040\000b\000a\000n\000d\000i\000t\000s}{section.3.3}% 25
\BOOKMARK [2][]{subsection.3.3.3}{\376\377\0003\000.\0003\000.\0003\000\040\000B\000a\000y\000e\000s\000i\000a\000n\000\040\000O\000p\000t\000i\000m\000i\000z\000a\000t\000i\000o\000n\000\040\000u\000s\000i\000n\000g\000\040\000D\000r\000o\000p\000o\000u\000t}{section.3.3}% 26
\BOOKMARK [0][]{chapter.4}{\376\377\0004\000\040\000A\000n\000a\000l\000y\000s\000i\000s\000\040\000o\000f\000\040\000t\000h\000e\000\040\000c\000u\000r\000r\000e\000n\000t\000\040\000s\000t\000a\000t\000e\000\040\000o\000f\000\040\000t\000h\000e\000\040\000a\000r\000t}{}% 27
\BOOKMARK [1][]{section.4.1}{\376\377\0004\000.\0001\000\040\000S\000h\000o\000r\000t\000c\000o\000m\000i\000n\000g\000s\000\040\000o\000f\000\040\000c\000u\000r\000r\000e\000n\000t\000\040\000m\000e\000t\000h\000o\000d\000s}{chapter.4}% 28
\BOOKMARK [1][]{section.4.2}{\376\377\0004\000.\0002\000\040\000E\000v\000a\000l\000u\000a\000t\000i\000o\000n\000\040\000m\000e\000t\000h\000o\000d\000s}{chapter.4}% 29
\BOOKMARK [2][]{subsection.4.2.1}{\376\377\0004\000.\0002\000.\0001\000\040\000S\000y\000n\000t\000h\000e\000t\000i\000c\000\040\000D\000a\000t\000a\000s\000e\000t\000s}{section.4.2}% 30
\BOOKMARK [0][]{chapter.5}{\376\377\0005\000\040\000A\000\040\000N\000e\000w\000\040\000M\000o\000d\000e\000l}{}% 31
\BOOKMARK [1][]{section.5.1}{\376\377\0005\000.\0001\000\040\000T\000h\000e\000\040\000B\000O\000R\000I\000N\000G\000\040\000A\000l\000g\000o\000r\000i\000t\000h\000m}{chapter.5}% 32
\BOOKMARK [2][]{subsection.5.1.1}{\376\377\0005\000.\0001\000.\0001\000\040\000A\000l\000g\000o\000r\000i\000t\000h\000m\000\040\000D\000e\000s\000c\000r\000i\000p\000t\000i\000o\000n}{section.5.1}% 33
\BOOKMARK [0][]{chapter.6}{\376\377\0006\000\040\000E\000v\000a\000l\000u\000a\000t\000i\000o\000n}{}% 34
\BOOKMARK [1][]{section.6.1}{\376\377\0006\000.\0001\000\040\000E\000v\000a\000l\000u\000a\000t\000i\000o\000n\000\040\000S\000e\000t\000t\000i\000n\000g\000s}{chapter.6}% 35
\BOOKMARK [1][]{section.6.2}{\376\377\0006\000.\0002\000\040\000Q\000u\000a\000n\000t\000i\000t\000a\000t\000i\000v\000e\000\040\000e\000v\000a\000l\000u\000a\000t\000i\000o\000n}{chapter.6}% 36
\BOOKMARK [2][]{subsection.6.2.1}{\376\377\0006\000.\0002\000.\0001\000\040\000P\000a\000r\000a\000b\000o\000l\000a}{section.6.2}% 37
\BOOKMARK [2][]{subsection.6.2.2}{\376\377\0006\000.\0002\000.\0002\000\040\000C\000a\000m\000e\000l\000b\000a\000c\000k\000\040\000e\000m\000b\000e\000d\000d\000e\000d\000\040\000i\000n\000\040\0003\000D}{section.6.2}% 38
\BOOKMARK [2][]{subsection.6.2.3}{\376\377\0006\000.\0002\000.\0003\000\040\000C\000a\000m\000e\000l\000b\000a\000c\000k\000\040\000e\000m\000b\000e\000d\000d\000e\000d\000\040\000i\000n\000\040\0005\000D}{section.6.2}% 39
\BOOKMARK [2][]{subsection.6.2.4}{\376\377\0006\000.\0002\000.\0004\000\040\000E\000x\000p\000o\000n\000e\000n\000t\000i\000a\000l\000\040\000S\000i\000n\000u\000s\000o\000i\000d\000a\000l}{section.6.2}% 40
\BOOKMARK [2][]{subsection.6.2.5}{\376\377\0006\000.\0002\000.\0005\000\040\000L\000o\000g\000-\000L\000i\000k\000e\000l\000i\000h\000o\000o\000d\000\040\000a\000n\000d\000\040\000A\000n\000g\000l\000e\000\040\000d\000i\000f\000f\000e\000r\000e\000n\000c\000e\000\040\000m\000e\000a\000s\000u\000r\000e\000s}{section.6.2}% 41
\BOOKMARK [1][]{section.6.3}{\376\377\0006\000.\0003\000\040\000R\000E\000M\000B\000O}{chapter.6}% 42
\BOOKMARK [1][]{section.6.4}{\376\377\0006\000.\0004\000\040\000Q\000u\000a\000l\000i\000t\000a\000t\000i\000v\000e\000\040\000e\000v\000a\000l\000u\000a\000t\000i\000o\000n}{chapter.6}% 43
\BOOKMARK [2][]{subsection.6.4.1}{\376\377\0006\000.\0004\000.\0001\000\040\000F\000e\000a\000t\000u\000r\000e\000\040\000s\000e\000l\000e\000c\000t\000i\000o\000n}{section.6.4}% 44
\BOOKMARK [2][]{subsection.6.4.2}{\376\377\0006\000.\0004\000.\0002\000\040\000S\000u\000b\000s\000p\000a\000c\000e\000\040\000i\000d\000e\000n\000t\000i\000f\000i\000c\000a\000t\000i\000o\000n}{section.6.4}% 45
\BOOKMARK [0][]{chapter.7}{\376\377\0007\000\040\000C\000o\000n\000c\000l\000u\000s\000i\000o\000n}{}% 46
\BOOKMARK [1][]{section.7.1}{\376\377\0007\000.\0001\000\040\000M\000a\000i\000n\000\040\000C\000o\000n\000t\000r\000i\000b\000u\000t\000i\000o\000n\000s}{chapter.7}% 47
\BOOKMARK [1][]{section.7.2}{\376\377\0007\000.\0002\000\040\000F\000u\000t\000u\000r\000e\000\040\000w\000o\000r\000k}{chapter.7}% 48
\BOOKMARK [0][]{chapter*.56}{\376\377\000R\000e\000f\000e\000r\000e\000n\000c\000e\000s}{}% 49
\BOOKMARK [0][]{Appendix.a.A}{\376\377\000A\000p\000p\000e\000n\000d\000i\000x\000\040\000A\000\040\000A\000p\000p\000e\000n\000d\000i\000x\000\040\000A}{}% 50
\BOOKMARK [1][]{section.a.A.1}{\376\377\000A\000.\0001\000\040\000B\000e\000n\000c\000h\000m\000a\000r\000k\000i\000n\000g\000\040\000f\000u\000n\000c\000t\000i\000o\000n\000s}{Appendix.a.A}% 51
\BOOKMARK [1][]{section.a.A.2}{\376\377\000A\000.\0002\000\040\000T\000h\000e\000\040\000l\000o\000g\000-\000l\000i\000k\000e\000l\000i\000h\000o\000o\000d\000\040\000f\000u\000n\000c\000t\000i\000o\000n\000\040\000a\000s\000\040\000a\000\040\000f\000u\000n\000c\000t\000i\000o\000n\000\040\000o\000f\000\040}{Appendix.a.A}% 52
\BOOKMARK [1][]{section.a.A.3}{\376\377\000A\000.\0003\000\040\000A\000d\000d\000i\000t\000i\000o\000n\000a\000l\000\040\000V\000i\000s\000u\000a\000l\000i\000z\000a\000t\000i\000o\000n}{Appendix.a.A}% 53
